<?xml version="1.0" encoding="UTF-8"?>
<testsuite name="org.terasology.facets.Grid2DFloatFacetTest" tests="12" skipped="0" failures="0" errors="0" timestamp="2016-05-29T14:27:29" hostname="cthulu" time="0.025">
  <properties/>
  <testcase name="testMixedGetSet1" classname="org.terasology.facets.Grid2DFloatFacetTest" time="0.02"/>
  <testcase name="testMixedGetSet2" classname="org.terasology.facets.Grid2DFloatFacetTest" time="0.0"/>
  <testcase name="testBoxedWorldGetSet" classname="org.terasology.facets.Grid2DFloatFacetTest" time="0.0"/>
  <testcase name="testUnset" classname="org.terasology.facets.Grid2DFloatFacetTest" time="0.0"/>
  <testcase name="testPrimitiveGetSet" classname="org.terasology.facets.Grid2DFloatFacetTest" time="0.0"/>
  <testcase name="testWorldGridPoints" classname="org.terasology.facets.Grid2DFloatFacetTest" time="0.0"/>
  <testcase name="testRelBounds" classname="org.terasology.facets.Grid2DFloatFacetTest" time="0.001"/>
  <testcase name="testWorldBounds" classname="org.terasology.facets.Grid2DFloatFacetTest" time="0.0"/>
  <testcase name="testWorldPoints" classname="org.terasology.facets.Grid2DFloatFacetTest" time="0.0"/>
  <testcase name="testRelativeGridPoints" classname="org.terasology.facets.Grid2DFloatFacetTest" time="0.0"/>
  <testcase name="testCenter" classname="org.terasology.facets.Grid2DFloatFacetTest" time="0.0"/>
  <testcase name="testBoxedGetSet" classname="org.terasology.facets.Grid2DFloatFacetTest" time="0.0"/>
  <system-out><![CDATA[]]></system-out>
  <system-err><![CDATA[]]></system-err>
</testsuite>
